Analysis & Synthesis report for ex19_top
Fri Dec 09 12:14:20 2016
Quartus Prime Version 16.0.0 Build 211 04/27/2016 SJ Standard Edition


---------------------
; Table of Contents ;
---------------------
  1. Legal Notice
  2. Analysis & Synthesis Summary
  3. Analysis & Synthesis Settings
  4. Parallel Compilation
  5. Analysis & Synthesis Source Files Read
  6. Analysis & Synthesis Resource Usage Summary
  7. Analysis & Synthesis Resource Utilization by Entity
  8. Analysis & Synthesis RAM Summary
  9. Analysis & Synthesis IP Cores Summary
 10. State Machine - |ex19_top|processor:ALLPASS|pulse_gen:pul|state
 11. State Machine - |ex19_top|spi2adc:SPI_ADC|sr_state
 12. State Machine - |ex19_top|spi2dac:SPI_DAC|sr_state
 13. Registers Removed During Synthesis
 14. Removed Registers Triggering Further Register Optimizations
 15. General Register Statistics
 16. Inverted Register Statistics
 17. Source assignments for processor:ALLPASS|RAM:ramout|altsyncram:altsyncram_component|altsyncram_gc12:auto_generated
 18. Parameter Settings for User Entity Instance: clktick_16:GEN_10K
 19. Parameter Settings for User Entity Instance: spi2dac:SPI_DAC
 20. Parameter Settings for User Entity Instance: spi2adc:SPI_ADC
 21. Parameter Settings for User Entity Instance: processor:ALLPASS
 22. Parameter Settings for User Entity Instance: processor:ALLPASS|pulse_gen:pul
 23. Parameter Settings for User Entity Instance: processor:ALLPASS|counter_13:ctr13
 24. Parameter Settings for User Entity Instance: processor:ALLPASS|RAM:ramout|altsyncram:altsyncram_component
 25. altsyncram Parameter Settings by Entity Instance
 26. Port Connectivity Checks: "hex_to_7seg:SEG2"
 27. Port Connectivity Checks: "processor:ALLPASS|bin2bcd_16:bin|add3_ge5:A31"
 28. Port Connectivity Checks: "processor:ALLPASS|bin2bcd_16:bin|add3_ge5:A19"
 29. Port Connectivity Checks: "processor:ALLPASS|bin2bcd_16:bin|add3_ge5:A10"
 30. Port Connectivity Checks: "processor:ALLPASS|bin2bcd_16:bin|add3_ge5:A4"
 31. Port Connectivity Checks: "processor:ALLPASS|bin2bcd_16:bin|add3_ge5:A1"
 32. Port Connectivity Checks: "processor:ALLPASS|bin2bcd_16:bin"
 33. Port Connectivity Checks: "processor:ALLPASS|RAM:ramout"
 34. Port Connectivity Checks: "processor:ALLPASS|counter_13:ctr13"
 35. Port Connectivity Checks: "processor:ALLPASS|pulse_gen:pul"
 36. Port Connectivity Checks: "processor:ALLPASS"
 37. Port Connectivity Checks: "spi2adc:SPI_ADC"
 38. Port Connectivity Checks: "clktick_16:GEN_10K"
 39. Post-Synthesis Netlist Statistics for Top Partition
 40. Elapsed Time Per Partition
 41. Analysis & Synthesis Messages
 42. Analysis & Synthesis Suppressed Messages



----------------
; Legal Notice ;
----------------
Copyright (C) 1991-2016 Altera Corporation. All rights reserved.
Your use of Altera Corporation's design tools, logic functions 
and other software and tools, and its AMPP partner logic 
functions, and any output files from any of the foregoing 
(including device programming or simulation files), and any 
associated documentation or information are expressly subject 
to the terms and conditions of the Altera Program License 
Subscription Agreement, the Altera Quartus Prime License Agreement,
the Altera MegaCore Function License Agreement, or other 
applicable license agreement, including, without limitation, 
that your use is for the sole purpose of programming logic 
devices manufactured by Altera and sold by Altera or its 
authorized distributors.  Please refer to the applicable 
agreement for further details.



+-----------------------------------------------------------------------------------+
; Analysis & Synthesis Summary                                                      ;
+---------------------------------+-------------------------------------------------+
; Analysis & Synthesis Status     ; Successful - Fri Dec 09 12:14:20 2016           ;
; Quartus Prime Version           ; 16.0.0 Build 211 04/27/2016 SJ Standard Edition ;
; Revision Name                   ; ex19_top                                        ;
; Top-level Entity Name           ; ex19_top                                        ;
; Family                          ; Cyclone V                                       ;
; Logic utilization (in ALMs)     ; N/A                                             ;
; Total registers                 ; 128                                             ;
; Total pins                      ; 41                                              ;
; Total virtual pins              ; 0                                               ;
; Total block memory bits         ; 73,728                                          ;
; Total DSP Blocks                ; 0                                               ;
; Total HSSI RX PCSs              ; 0                                               ;
; Total HSSI PMA RX Deserializers ; 0                                               ;
; Total HSSI TX PCSs              ; 0                                               ;
; Total HSSI PMA TX Serializers   ; 0                                               ;
; Total PLLs                      ; 0                                               ;
; Total DLLs                      ; 0                                               ;
+---------------------------------+-------------------------------------------------+


+---------------------------------------------------------------------------------------------------------------------------+
; Analysis & Synthesis Settings                                                                                             ;
+---------------------------------------------------------------------------------+--------------------+--------------------+
; Option                                                                          ; Setting            ; Default Value      ;
+---------------------------------------------------------------------------------+--------------------+--------------------+
; Device                                                                          ; 5CSEMA5F31C6       ;                    ;
; Top-level entity name                                                           ; ex19_top           ; ex19_top           ;
; Family name                                                                     ; Cyclone V          ; Cyclone V          ;
; Use smart compilation                                                           ; Off                ; Off                ;
; Enable parallel Assembler and TimeQuest Timing Analyzer during compilation      ; On                 ; On                 ;
; Enable compact report table                                                     ; Off                ; Off                ;
; Restructure Multiplexers                                                        ; Auto               ; Auto               ;
; MLAB Add Timing Constraints For Mixed-Port Feed-Through Mode Setting Don't Care ; Off                ; Off                ;
; Create Debugging Nodes for IP Cores                                             ; Off                ; Off                ;
; Preserve fewer node names                                                       ; On                 ; On                 ;
; Disable OpenCore Plus hardware evaluation                                       ; Off                ; Off                ;
; Verilog Version                                                                 ; Verilog_2001       ; Verilog_2001       ;
; VHDL Version                                                                    ; VHDL_1993          ; VHDL_1993          ;
; State Machine Processing                                                        ; Auto               ; Auto               ;
; Safe State Machine                                                              ; Off                ; Off                ;
; Extract Verilog State Machines                                                  ; On                 ; On                 ;
; Extract VHDL State Machines                                                     ; On                 ; On                 ;
; Ignore Verilog initial constructs                                               ; Off                ; Off                ;
; Iteration limit for constant Verilog loops                                      ; 5000               ; 5000               ;
; Iteration limit for non-constant Verilog loops                                  ; 250                ; 250                ;
; Add Pass-Through Logic to Inferred RAMs                                         ; On                 ; On                 ;
; Infer RAMs from Raw Logic                                                       ; On                 ; On                 ;
; Parallel Synthesis                                                              ; On                 ; On                 ;
; DSP Block Balancing                                                             ; Auto               ; Auto               ;
; NOT Gate Push-Back                                                              ; On                 ; On                 ;
; Power-Up Don't Care                                                             ; On                 ; On                 ;
; Remove Redundant Logic Cells                                                    ; Off                ; Off                ;
; Remove Duplicate Registers                                                      ; On                 ; On                 ;
; Ignore CARRY Buffers                                                            ; Off                ; Off                ;
; Ignore CASCADE Buffers                                                          ; Off                ; Off                ;
; Ignore GLOBAL Buffers                                                           ; Off                ; Off                ;
; Ignore ROW GLOBAL Buffers                                                       ; Off                ; Off                ;
; Ignore LCELL Buffers                                                            ; Off                ; Off                ;
; Ignore SOFT Buffers                                                             ; On                 ; On                 ;
; Limit AHDL Integers to 32 Bits                                                  ; Off                ; Off                ;
; Optimization Technique                                                          ; Balanced           ; Balanced           ;
; Carry Chain Length                                                              ; 70                 ; 70                 ;
; Auto Carry Chains                                                               ; On                 ; On                 ;
; Auto Open-Drain Pins                                                            ; On                 ; On                 ;
; Perform WYSIWYG Primitive Resynthesis                                           ; Off                ; Off                ;
; Auto ROM Replacement                                                            ; On                 ; On                 ;
; Auto RAM Replacement                                                            ; On                 ; On                 ;
; Auto DSP Block Replacement                                                      ; On                 ; On                 ;
; Auto Shift Register Replacement                                                 ; Auto               ; Auto               ;
; Allow Shift Register Merging across Hierarchies                                 ; Auto               ; Auto               ;
; Auto Clock Enable Replacement                                                   ; On                 ; On                 ;
; Strict RAM Replacement                                                          ; Off                ; Off                ;
; Allow Synchronous Control Signals                                               ; On                 ; On                 ;
; Force Use of Synchronous Clear Signals                                          ; Off                ; Off                ;
; Auto Resource Sharing                                                           ; Off                ; Off                ;
; Allow Any RAM Size For Recognition                                              ; Off                ; Off                ;
; Allow Any ROM Size For Recognition                                              ; Off                ; Off                ;
; Allow Any Shift Register Size For Recognition                                   ; Off                ; Off                ;
; Use LogicLock Constraints during Resource Balancing                             ; On                 ; On                 ;
; Ignore translate_off and synthesis_off directives                               ; Off                ; Off                ;
; Timing-Driven Synthesis                                                         ; On                 ; On                 ;
; Report Parameter Settings                                                       ; On                 ; On                 ;
; Report Source Assignments                                                       ; On                 ; On                 ;
; Report Connectivity Checks                                                      ; On                 ; On                 ;
; Ignore Maximum Fan-Out Assignments                                              ; Off                ; Off                ;
; Synchronization Register Chain Length                                           ; 3                  ; 3                  ;
; PowerPlay Power Optimization During Synthesis                                   ; Normal compilation ; Normal compilation ;
; HDL message level                                                               ; Level2             ; Level2             ;
; Suppress Register Optimization Related Messages                                 ; Off                ; Off                ;
; Number of Removed Registers Reported in Synthesis Report                        ; 5000               ; 5000               ;
; Number of Swept Nodes Reported in Synthesis Report                              ; 5000               ; 5000               ;
; Number of Inverted Registers Reported in Synthesis Report                       ; 100                ; 100                ;
; Clock MUX Protection                                                            ; On                 ; On                 ;
; Auto Gated Clock Conversion                                                     ; Off                ; Off                ;
; Block Design Naming                                                             ; Auto               ; Auto               ;
; SDC constraint protection                                                       ; Off                ; Off                ;
; Synthesis Effort                                                                ; Auto               ; Auto               ;
; Shift Register Replacement - Allow Asynchronous Clear Signal                    ; On                 ; On                 ;
; Pre-Mapping Resynthesis Optimization                                            ; Off                ; Off                ;
; Analysis & Synthesis Message Level                                              ; Medium             ; Medium             ;
; Disable Register Merging Across Hierarchies                                     ; Auto               ; Auto               ;
; Resource Aware Inference For Block RAM                                          ; On                 ; On                 ;
; Synthesis Seed                                                                  ; 1                  ; 1                  ;
; Automatic Parallel Synthesis                                                    ; On                 ; On                 ;
; Partial Reconfiguration Bitstream ID                                            ; Off                ; Off                ;
+---------------------------------------------------------------------------------+--------------------+--------------------+


+------------------------------------------+
; Parallel Compilation                     ;
+----------------------------+-------------+
; Processors                 ; Number      ;
+----------------------------+-------------+
; Number detected on machine ; 8           ;
; Maximum allowed            ; 4           ;
;                            ;             ;
; Average used               ; 1.00        ;
; Maximum used               ; 4           ;
;                            ;             ;
; Usage by Processor         ; % Time Used ;
;     Processor 1            ; 100.0%      ;
;     Processors 2-4         ;   0.0%      ;
+----------------------------+-------------+


+--------------------------------------------------------------------------------------------------------------------------------------------------------------------+
; Analysis & Synthesis Source Files Read                                                                                                                             ;
+----------------------------------+-----------------+------------------------------+----------------------------------------------------------------------+---------+
; File Name with User-Entered Path ; Used in Netlist ; File Type                    ; File Name with Absolute Path                                         ; Library ;
+----------------------------------+-----------------+------------------------------+----------------------------------------------------------------------+---------+
; counter_13.v                     ; yes             ; User Verilog HDL File        ; H:/VERI_Experiment/Part_4/ex19/counter_13.v                          ;         ;
; ex16file/spi2dac.v               ; yes             ; User Verilog HDL File        ; H:/VERI_Experiment/Part_4/ex19/ex16file/spi2dac.v                    ;         ;
; ex16file/spi2adc.v               ; yes             ; User Verilog HDL File        ; H:/VERI_Experiment/Part_4/ex19/ex16file/spi2adc.v                    ;         ;
; ex16file/pwm.v                   ; yes             ; User Verilog HDL File        ; H:/VERI_Experiment/Part_4/ex19/ex16file/pwm.v                        ;         ;
; ex16file/pulse_gen.v             ; yes             ; User Verilog HDL File        ; H:/VERI_Experiment/Part_4/ex19/ex16file/pulse_gen.v                  ;         ;
; ex16file/hex_to_7seg.v           ; yes             ; User Verilog HDL File        ; H:/VERI_Experiment/Part_4/ex19/ex16file/hex_to_7seg.v                ;         ;
; ex16file/clktick_16.v            ; yes             ; User Verilog HDL File        ; H:/VERI_Experiment/Part_4/ex19/ex16file/clktick_16.v                 ;         ;
; ex16file/bin2bcd_16.v            ; yes             ; User Verilog HDL File        ; H:/VERI_Experiment/Part_4/ex19/ex16file/bin2bcd_16.v                 ;         ;
; ex16file/allpass.v               ; yes             ; User Verilog HDL File        ; H:/VERI_Experiment/Part_4/ex19/ex16file/allpass.v                    ;         ;
; ex16file/add3_ge5.v              ; yes             ; User Verilog HDL File        ; H:/VERI_Experiment/Part_4/ex19/ex16file/add3_ge5.v                   ;         ;
; ex19_top.v                       ; yes             ; User Verilog HDL File        ; H:/VERI_Experiment/Part_4/ex19/ex19_top.v                            ;         ;
; RAM.v                            ; yes             ; User Wizard-Generated File   ; H:/VERI_Experiment/Part_4/ex19/RAM.v                                 ;         ;
; altsyncram.tdf                   ; yes             ; Megafunction                 ; c:/altera/16.0/quartus/libraries/megafunctions/altsyncram.tdf        ;         ;
; stratix_ram_block.inc            ; yes             ; Megafunction                 ; c:/altera/16.0/quartus/libraries/megafunctions/stratix_ram_block.inc ;         ;
; lpm_mux.inc                      ; yes             ; Megafunction                 ; c:/altera/16.0/quartus/libraries/megafunctions/lpm_mux.inc           ;         ;
; lpm_decode.inc                   ; yes             ; Megafunction                 ; c:/altera/16.0/quartus/libraries/megafunctions/lpm_decode.inc        ;         ;
; aglobal160.inc                   ; yes             ; Megafunction                 ; c:/altera/16.0/quartus/libraries/megafunctions/aglobal160.inc        ;         ;
; a_rdenreg.inc                    ; yes             ; Megafunction                 ; c:/altera/16.0/quartus/libraries/megafunctions/a_rdenreg.inc         ;         ;
; altrom.inc                       ; yes             ; Megafunction                 ; c:/altera/16.0/quartus/libraries/megafunctions/altrom.inc            ;         ;
; altram.inc                       ; yes             ; Megafunction                 ; c:/altera/16.0/quartus/libraries/megafunctions/altram.inc            ;         ;
; altdpram.inc                     ; yes             ; Megafunction                 ; c:/altera/16.0/quartus/libraries/megafunctions/altdpram.inc          ;         ;
; db/altsyncram_gc12.tdf           ; yes             ; Auto-Generated Megafunction  ; H:/VERI_Experiment/Part_4/ex19/db/altsyncram_gc12.tdf                ;         ;
+----------------------------------+-----------------+------------------------------+----------------------------------------------------------------------+---------+


+--------------------------------------------------------------+
; Analysis & Synthesis Resource Usage Summary                  ;
+---------------------------------------------+----------------+
; Resource                                    ; Usage          ;
+---------------------------------------------+----------------+
; Estimate of Logic utilization (ALMs needed) ; 75             ;
;                                             ;                ;
; Combinational ALUT usage for logic          ; 126            ;
;     -- 7 input functions                    ; 0              ;
;     -- 6 input functions                    ; 6              ;
;     -- 5 input functions                    ; 18             ;
;     -- 4 input functions                    ; 27             ;
;     -- <=3 input functions                  ; 75             ;
;                                             ;                ;
; Dedicated logic registers                   ; 128            ;
;                                             ;                ;
; I/O pins                                    ; 41             ;
; Total MLAB memory bits                      ; 0              ;
; Total block memory bits                     ; 73728          ;
;                                             ;                ;
; Total DSP Blocks                            ; 0              ;
;                                             ;                ;
; Maximum fan-out node                        ; CLOCK_50~input ;
; Maximum fan-out                             ; 74             ;
; Total fan-out                               ; 920            ;
; Average fan-out                             ; 2.67           ;
+---------------------------------------------+----------------+


+---------------------------------------------------------------------------------------------------------------------------------------------------------------------------------------------------------------------------------------------------------------------------------+
; Analysis & Synthesis Resource Utilization by Entity                                                                                                                                                                                                                             ;
+----------------------------------------------+-------------------+--------------+-------------------+------------+------+--------------+-------------------------------------------------------------------------------------------------------+-----------------+--------------+
; Compilation Hierarchy Node                   ; LC Combinationals ; LC Registers ; Block Memory Bits ; DSP Blocks ; Pins ; Virtual Pins ; Full Hierarchy Name                                                                                   ; Entity Name     ; Library Name ;
+----------------------------------------------+-------------------+--------------+-------------------+------------+------+--------------+-------------------------------------------------------------------------------------------------------+-----------------+--------------+
; |ex19_top                                    ; 126 (0)           ; 128 (0)      ; 73728             ; 0          ; 41   ; 0            ; |ex19_top                                                                                             ; ex19_top        ; work         ;
;    |clktick_16:GEN_10K|                      ; 20 (20)           ; 17 (17)      ; 0                 ; 0          ; 0    ; 0            ; |ex19_top|clktick_16:GEN_10K                                                                          ; clktick_16      ; work         ;
;    |hex_to_7seg:SEG0|                        ; 7 (7)             ; 0 (0)        ; 0                 ; 0          ; 0    ; 0            ; |ex19_top|hex_to_7seg:SEG0                                                                            ; hex_to_7seg     ; work         ;
;    |hex_to_7seg:SEG1|                        ; 7 (7)             ; 0 (0)        ; 0                 ; 0          ; 0    ; 0            ; |ex19_top|hex_to_7seg:SEG1                                                                            ; hex_to_7seg     ; work         ;
;    |hex_to_7seg:SEG2|                        ; 3 (3)             ; 0 (0)        ; 0                 ; 0          ; 0    ; 0            ; |ex19_top|hex_to_7seg:SEG2                                                                            ; hex_to_7seg     ; work         ;
;    |processor:ALLPASS|                       ; 29 (14)           ; 25 (10)      ; 73728             ; 0          ; 0    ; 0            ; |ex19_top|processor:ALLPASS                                                                           ; processor       ; work         ;
;       |RAM:ramout|                           ; 0 (0)             ; 0 (0)        ; 73728             ; 0          ; 0    ; 0            ; |ex19_top|processor:ALLPASS|RAM:ramout                                                                ; RAM             ; work         ;
;          |altsyncram:altsyncram_component|   ; 0 (0)             ; 0 (0)        ; 73728             ; 0          ; 0    ; 0            ; |ex19_top|processor:ALLPASS|RAM:ramout|altsyncram:altsyncram_component                                ; altsyncram      ; work         ;
;             |altsyncram_gc12:auto_generated| ; 0 (0)             ; 0 (0)        ; 73728             ; 0          ; 0    ; 0            ; |ex19_top|processor:ALLPASS|RAM:ramout|altsyncram:altsyncram_component|altsyncram_gc12:auto_generated ; altsyncram_gc12 ; work         ;
;       |counter_13:ctr13|                     ; 13 (13)           ; 13 (13)      ; 0                 ; 0          ; 0    ; 0            ; |ex19_top|processor:ALLPASS|counter_13:ctr13                                                          ; counter_13      ; work         ;
;       |pulse_gen:pul|                        ; 2 (2)             ; 2 (2)        ; 0                 ; 0          ; 0    ; 0            ; |ex19_top|processor:ALLPASS|pulse_gen:pul                                                             ; pulse_gen       ; work         ;
;    |pwm:PWM_DC|                              ; 19 (19)           ; 21 (21)      ; 0                 ; 0          ; 0    ; 0            ; |ex19_top|pwm:PWM_DC                                                                                  ; pwm             ; work         ;
;    |spi2adc:SPI_ADC|                         ; 21 (21)           ; 39 (39)      ; 0                 ; 0          ; 0    ; 0            ; |ex19_top|spi2adc:SPI_ADC                                                                             ; spi2adc         ; work         ;
;    |spi2dac:SPI_DAC|                         ; 20 (20)           ; 26 (26)      ; 0                 ; 0          ; 0    ; 0            ; |ex19_top|spi2dac:SPI_DAC                                                                             ; spi2dac         ; work         ;
+----------------------------------------------+-------------------+--------------+-------------------+------------+------+--------------+-------------------------------------------------------------------------------------------------------+-----------------+--------------+
Note: For table entries with two numbers listed, the numbers in parentheses indicate the number of resources of the given type used by the specific entity alone. The numbers listed outside of parentheses indicate the total resources of the given type used by the specific entity and all of its sub-entities in the hierarchy.


+-------------------------------------------------------------------------------------------------------------------------------------------------------------------------------------------------------------+
; Analysis & Synthesis RAM Summary                                                                                                                                                                            ;
+--------------------------------------------------------------------------------------------------------+------+------------------+--------------+--------------+--------------+--------------+-------+------+
; Name                                                                                                   ; Type ; Mode             ; Port A Depth ; Port A Width ; Port B Depth ; Port B Width ; Size  ; MIF  ;
+--------------------------------------------------------------------------------------------------------+------+------------------+--------------+--------------+--------------+--------------+-------+------+
; processor:ALLPASS|RAM:ramout|altsyncram:altsyncram_component|altsyncram_gc12:auto_generated|ALTSYNCRAM ; AUTO ; Simple Dual Port ; 8192         ; 9            ; 8192         ; 9            ; 73728 ; None ;
+--------------------------------------------------------------------------------------------------------+------+------------------+--------------+--------------+--------------+--------------+-------+------+


+--------------------------------------------------------------------------------------------------------------------------+
; Analysis & Synthesis IP Cores Summary                                                                                    ;
+--------+--------------+---------+--------------+--------------+----------------------------------------+-----------------+
; Vendor ; IP Core Name ; Version ; Release Date ; License Type ; Entity Instance                        ; IP Include File ;
+--------+--------------+---------+--------------+--------------+----------------------------------------+-----------------+
; Altera ; RAM: 2-PORT  ; 16.0    ; N/A          ; N/A          ; |ex19_top|processor:ALLPASS|RAM:ramout ; RAM.v           ;
+--------+--------------+---------+--------------+--------------+----------------------------------------+-----------------+


Encoding Type:  One-Hot
+-----------------------------------------------------------------+
; State Machine - |ex19_top|processor:ALLPASS|pulse_gen:pul|state ;
+----------------+------------+----------------+------------------+
; Name           ; state.IDLE ; state.WAIT_LOW ; state.IN_HIGH    ;
+----------------+------------+----------------+------------------+
; state.IDLE     ; 0          ; 0              ; 0                ;
; state.IN_HIGH  ; 1          ; 0              ; 1                ;
; state.WAIT_LOW ; 1          ; 1              ; 0                ;
+----------------+------------+----------------+------------------+


Encoding Type:  One-Hot
+------------------------------------------------------------------------------------------+
; State Machine - |ex19_top|spi2adc:SPI_ADC|sr_state                                       ;
+------------------------+---------------+------------------------+------------------------+
; Name                   ; sr_state.IDLE ; sr_state.WAIT_CSB_HIGH ; sr_state.WAIT_CSB_FALL ;
+------------------------+---------------+------------------------+------------------------+
; sr_state.IDLE          ; 0             ; 0                      ; 0                      ;
; sr_state.WAIT_CSB_FALL ; 1             ; 0                      ; 1                      ;
; sr_state.WAIT_CSB_HIGH ; 1             ; 1                      ; 0                      ;
+------------------------+---------------+------------------------+------------------------+


Encoding Type:  One-Hot
+------------------------------------------------------------------------------------------+
; State Machine - |ex19_top|spi2dac:SPI_DAC|sr_state                                       ;
+------------------------+---------------+------------------------+------------------------+
; Name                   ; sr_state.IDLE ; sr_state.WAIT_CSB_HIGH ; sr_state.WAIT_CSB_FALL ;
+------------------------+---------------+------------------------+------------------------+
; sr_state.IDLE          ; 0             ; 0                      ; 0                      ;
; sr_state.WAIT_CSB_FALL ; 1             ; 0                      ; 1                      ;
; sr_state.WAIT_CSB_HIGH ; 1             ; 1                      ; 0                      ;
+------------------------+---------------+------------------------+------------------------+


+-----------------------------------------------------------------------------------------+
; Registers Removed During Synthesis                                                      ;
+------------------------------------------------+----------------------------------------+
; Register name                                  ; Reason for Removal                     ;
+------------------------------------------------+----------------------------------------+
; spi2dac:SPI_DAC|shift_reg[0,1]                 ; Stuck at GND due to stuck port data_in ;
; spi2dac:SPI_DAC|ctr[4]                         ; Merged with spi2adc:SPI_ADC|ctr[4]     ;
; spi2dac:SPI_DAC|ctr[3]                         ; Merged with spi2adc:SPI_ADC|ctr[3]     ;
; spi2dac:SPI_DAC|ctr[2]                         ; Merged with spi2adc:SPI_ADC|ctr[2]     ;
; spi2dac:SPI_DAC|ctr[1]                         ; Merged with spi2adc:SPI_ADC|ctr[1]     ;
; spi2dac:SPI_DAC|ctr[0]                         ; Merged with spi2adc:SPI_ADC|ctr[0]     ;
; processor:ALLPASS|pulse_gen:pul|state.IN_HIGH  ; Lost fanout                            ;
; processor:ALLPASS|pulse_gen:pul|state.WAIT_LOW ; Lost fanout                            ;
; Total Number of Removed Registers = 9          ;                                        ;
+------------------------------------------------+----------------------------------------+


+---------------------------------------------------------------------------------------------------+
; Removed Registers Triggering Further Register Optimizations                                       ;
+------------------------------+---------------------------+----------------------------------------+
; Register name                ; Reason for Removal        ; Registers Removed due to This Register ;
+------------------------------+---------------------------+----------------------------------------+
; spi2dac:SPI_DAC|shift_reg[0] ; Stuck at GND              ; spi2dac:SPI_DAC|shift_reg[1]           ;
;                              ; due to stuck port data_in ;                                        ;
+------------------------------+---------------------------+----------------------------------------+


+------------------------------------------------------+
; General Register Statistics                          ;
+----------------------------------------------+-------+
; Statistic                                    ; Value ;
+----------------------------------------------+-------+
; Total registers                              ; 128   ;
; Number of registers using Synchronous Clear  ; 9     ;
; Number of registers using Synchronous Load   ; 9     ;
; Number of registers using Asynchronous Clear ; 0     ;
; Number of registers using Asynchronous Load  ; 0     ;
; Number of registers using Clock Enable       ; 32    ;
; Number of registers using Preset             ; 0     ;
+----------------------------------------------+-------+


+--------------------------------------------------+
; Inverted Register Statistics                     ;
+----------------------------------------+---------+
; Inverted Register                      ; Fan out ;
+----------------------------------------+---------+
; spi2dac:SPI_DAC|dac_cs                 ; 12      ;
; spi2adc:SPI_ADC|adc_cs                 ; 22      ;
; Total number of inverted registers = 2 ;         ;
+----------------------------------------+---------+


+--------------------------------------------------------------------------------------------------------------------+
; Source assignments for processor:ALLPASS|RAM:ramout|altsyncram:altsyncram_component|altsyncram_gc12:auto_generated ;
+---------------------------------+--------------------+------+------------------------------------------------------+
; Assignment                      ; Value              ; From ; To                                                   ;
+---------------------------------+--------------------+------+------------------------------------------------------+
; OPTIMIZE_POWER_DURING_SYNTHESIS ; NORMAL_COMPILATION ; -    ; -                                                    ;
+---------------------------------+--------------------+------+------------------------------------------------------+


+-----------------------------------------------------------------+
; Parameter Settings for User Entity Instance: clktick_16:GEN_10K ;
+----------------+-------+----------------------------------------+
; Parameter Name ; Value ; Type                                   ;
+----------------+-------+----------------------------------------+
; N_BIT          ; 16    ; Signed Integer                         ;
+----------------+-------+----------------------------------------+
Note: In order to hide this table in the UI and the text report file, please set the "Show Parameter Settings in Synthesis Report" option in "Analysis and Synthesis Settings -> More Settings" to "Off".


+--------------------------------------------------------------+
; Parameter Settings for User Entity Instance: spi2dac:SPI_DAC ;
+----------------+-------+-------------------------------------+
; Parameter Name ; Value ; Type                                ;
+----------------+-------+-------------------------------------+
; BUF            ; 1     ; Unsigned Binary                     ;
; GA_N           ; 1     ; Unsigned Binary                     ;
; SHDN_N         ; 1     ; Unsigned Binary                     ;
; TIME_CONSTANT  ; 11000 ; Unsigned Binary                     ;
; IDLE           ; 00    ; Unsigned Binary                     ;
; WAIT_CSB_FALL  ; 01    ; Unsigned Binary                     ;
; WAIT_CSB_HIGH  ; 10    ; Unsigned Binary                     ;
+----------------+-------+-------------------------------------+
Note: In order to hide this table in the UI and the text report file, please set the "Show Parameter Settings in Synthesis Report" option in "Analysis and Synthesis Settings -> More Settings" to "Off".


+--------------------------------------------------------------+
; Parameter Settings for User Entity Instance: spi2adc:SPI_ADC ;
+----------------+-------+-------------------------------------+
; Parameter Name ; Value ; Type                                ;
+----------------+-------+-------------------------------------+
; SGL            ; 1     ; Unsigned Binary                     ;
; MSBF           ; 1     ; Unsigned Binary                     ;
; TIME_CONSTANT  ; 11000 ; Unsigned Binary                     ;
; IDLE           ; 00    ; Unsigned Binary                     ;
; WAIT_CSB_FALL  ; 01    ; Unsigned Binary                     ;
; WAIT_CSB_HIGH  ; 10    ; Unsigned Binary                     ;
+----------------+-------+-------------------------------------+
Note: In order to hide this table in the UI and the text report file, please set the "Show Parameter Settings in Synthesis Report" option in "Analysis and Synthesis Settings -> More Settings" to "Off".


+----------------------------------------------------------------+
; Parameter Settings for User Entity Instance: processor:ALLPASS ;
+----------------+------------+----------------------------------+
; Parameter Name ; Value      ; Type                             ;
+----------------+------------+----------------------------------+
; ADC_OFFSET     ; 0110000001 ; Unsigned Binary                  ;
; DAC_OFFSET     ; 1000000000 ; Unsigned Binary                  ;
+----------------+------------+----------------------------------+
Note: In order to hide this table in the UI and the text report file, please set the "Show Parameter Settings in Synthesis Report" option in "Analysis and Synthesis Settings -> More Settings" to "Off".


+------------------------------------------------------------------------------+
; Parameter Settings for User Entity Instance: processor:ALLPASS|pulse_gen:pul ;
+----------------+-------+-----------------------------------------------------+
; Parameter Name ; Value ; Type                                                ;
+----------------+-------+-----------------------------------------------------+
; IDLE           ; 00    ; Unsigned Binary                                     ;
; IN_HIGH        ; 01    ; Unsigned Binary                                     ;
; WAIT_LOW       ; 10    ; Unsigned Binary                                     ;
+----------------+-------+-----------------------------------------------------+
Note: In order to hide this table in the UI and the text report file, please set the "Show Parameter Settings in Synthesis Report" option in "Analysis and Synthesis Settings -> More Settings" to "Off".


+---------------------------------------------------------------------------------+
; Parameter Settings for User Entity Instance: processor:ALLPASS|counter_13:ctr13 ;
+----------------+-------+--------------------------------------------------------+
; Parameter Name ; Value ; Type                                                   ;
+----------------+-------+--------------------------------------------------------+
; BIT_SZ         ; 13    ; Signed Integer                                         ;
+----------------+-------+--------------------------------------------------------+
Note: In order to hide this table in the UI and the text report file, please set the "Show Parameter Settings in Synthesis Report" option in "Analysis and Synthesis Settings -> More Settings" to "Off".


+-----------------------------------------------------------------------------------------------------------+
; Parameter Settings for User Entity Instance: processor:ALLPASS|RAM:ramout|altsyncram:altsyncram_component ;
+------------------------------------+----------------------+-----------------------------------------------+
; Parameter Name                     ; Value                ; Type                                          ;
+------------------------------------+----------------------+-----------------------------------------------+
; BYTE_SIZE_BLOCK                    ; 8                    ; Untyped                                       ;
; AUTO_CARRY_CHAINS                  ; ON                   ; AUTO_CARRY                                    ;
; IGNORE_CARRY_BUFFERS               ; OFF                  ; IGNORE_CARRY                                  ;
; AUTO_CASCADE_CHAINS                ; ON                   ; AUTO_CASCADE                                  ;
; IGNORE_CASCADE_BUFFERS             ; OFF                  ; IGNORE_CASCADE                                ;
; WIDTH_BYTEENA                      ; 1                    ; Untyped                                       ;
; OPERATION_MODE                     ; DUAL_PORT            ; Untyped                                       ;
; WIDTH_A                            ; 9                    ; Signed Integer                                ;
; WIDTHAD_A                          ; 13                   ; Signed Integer                                ;
; NUMWORDS_A                         ; 8192                 ; Signed Integer                                ;
; OUTDATA_REG_A                      ; UNREGISTERED         ; Untyped                                       ;
; ADDRESS_ACLR_A                     ; NONE                 ; Untyped                                       ;
; OUTDATA_ACLR_A                     ; NONE                 ; Untyped                                       ;
; WRCONTROL_ACLR_A                   ; NONE                 ; Untyped                                       ;
; INDATA_ACLR_A                      ; NONE                 ; Untyped                                       ;
; BYTEENA_ACLR_A                     ; NONE                 ; Untyped                                       ;
; WIDTH_B                            ; 9                    ; Signed Integer                                ;
; WIDTHAD_B                          ; 13                   ; Signed Integer                                ;
; NUMWORDS_B                         ; 8192                 ; Signed Integer                                ;
; INDATA_REG_B                       ; CLOCK1               ; Untyped                                       ;
; WRCONTROL_WRADDRESS_REG_B          ; CLOCK1               ; Untyped                                       ;
; RDCONTROL_REG_B                    ; CLOCK0               ; Untyped                                       ;
; ADDRESS_REG_B                      ; CLOCK0               ; Untyped                                       ;
; OUTDATA_REG_B                      ; UNREGISTERED         ; Untyped                                       ;
; BYTEENA_REG_B                      ; CLOCK1               ; Untyped                                       ;
; INDATA_ACLR_B                      ; NONE                 ; Untyped                                       ;
; WRCONTROL_ACLR_B                   ; NONE                 ; Untyped                                       ;
; ADDRESS_ACLR_B                     ; NONE                 ; Untyped                                       ;
; OUTDATA_ACLR_B                     ; NONE                 ; Untyped                                       ;
; RDCONTROL_ACLR_B                   ; NONE                 ; Untyped                                       ;
; BYTEENA_ACLR_B                     ; NONE                 ; Untyped                                       ;
; WIDTH_BYTEENA_A                    ; 1                    ; Signed Integer                                ;
; WIDTH_BYTEENA_B                    ; 1                    ; Untyped                                       ;
; RAM_BLOCK_TYPE                     ; AUTO                 ; Untyped                                       ;
; BYTE_SIZE                          ; 8                    ; Untyped                                       ;
; READ_DURING_WRITE_MODE_MIXED_PORTS ; OLD_DATA             ; Untyped                                       ;
; READ_DURING_WRITE_MODE_PORT_A      ; NEW_DATA_NO_NBE_READ ; Untyped                                       ;
; READ_DURING_WRITE_MODE_PORT_B      ; NEW_DATA_NO_NBE_READ ; Untyped                                       ;
; INIT_FILE                          ; UNUSED               ; Untyped                                       ;
; INIT_FILE_LAYOUT                   ; PORT_A               ; Untyped                                       ;
; MAXIMUM_DEPTH                      ; 0                    ; Untyped                                       ;
; CLOCK_ENABLE_INPUT_A               ; BYPASS               ; Untyped                                       ;
; CLOCK_ENABLE_INPUT_B               ; BYPASS               ; Untyped                                       ;
; CLOCK_ENABLE_OUTPUT_A              ; NORMAL               ; Untyped                                       ;
; CLOCK_ENABLE_OUTPUT_B              ; BYPASS               ; Untyped                                       ;
; CLOCK_ENABLE_CORE_A                ; USE_INPUT_CLKEN      ; Untyped                                       ;
; CLOCK_ENABLE_CORE_B                ; USE_INPUT_CLKEN      ; Untyped                                       ;
; ENABLE_ECC                         ; FALSE                ; Untyped                                       ;
; ECC_PIPELINE_STAGE_ENABLED         ; FALSE                ; Untyped                                       ;
; WIDTH_ECCSTATUS                    ; 3                    ; Untyped                                       ;
; DEVICE_FAMILY                      ; Cyclone V            ; Untyped                                       ;
; CBXI_PARAMETER                     ; altsyncram_gc12      ; Untyped                                       ;
+------------------------------------+----------------------+-----------------------------------------------+
Note: In order to hide this table in the UI and the text report file, please set the "Show Parameter Settings in Synthesis Report" option in "Analysis and Synthesis Settings -> More Settings" to "Off".


+----------------------------------------------------------------------------------------------------------+
; altsyncram Parameter Settings by Entity Instance                                                         ;
+-------------------------------------------+--------------------------------------------------------------+
; Name                                      ; Value                                                        ;
+-------------------------------------------+--------------------------------------------------------------+
; Number of entity instances                ; 1                                                            ;
; Entity Instance                           ; processor:ALLPASS|RAM:ramout|altsyncram:altsyncram_component ;
;     -- OPERATION_MODE                     ; DUAL_PORT                                                    ;
;     -- WIDTH_A                            ; 9                                                            ;
;     -- NUMWORDS_A                         ; 8192                                                         ;
;     -- OUTDATA_REG_A                      ; UNREGISTERED                                                 ;
;     -- WIDTH_B                            ; 9                                                            ;
;     -- NUMWORDS_B                         ; 8192                                                         ;
;     -- ADDRESS_REG_B                      ; CLOCK0                                                       ;
;     -- OUTDATA_REG_B                      ; UNREGISTERED                                                 ;
;     -- RAM_BLOCK_TYPE                     ; AUTO                                                         ;
;     -- READ_DURING_WRITE_MODE_MIXED_PORTS ; OLD_DATA                                                     ;
+-------------------------------------------+--------------------------------------------------------------+


+----------------------------------------------+
; Port Connectivity Checks: "hex_to_7seg:SEG2" ;
+----------+-------+----------+----------------+
; Port     ; Type  ; Severity ; Details        ;
+----------+-------+----------+----------------+
; in[3..2] ; Input ; Info     ; Stuck at GND   ;
+----------+-------+----------+----------------+


+----------------------------------------------------------------------------------------------------------------+
; Port Connectivity Checks: "processor:ALLPASS|bin2bcd_16:bin|add3_ge5:A31"                                      ;
+------+--------+----------+-------------------------------------------------------------------------------------+
; Port ; Type   ; Severity ; Details                                                                             ;
+------+--------+----------+-------------------------------------------------------------------------------------+
; w[3] ; Input  ; Info     ; Stuck at GND                                                                        ;
; a[3] ; Output ; Info     ; Connected to dangling logic. Logic that only feeds a dangling port will be removed. ;
+------+--------+----------+-------------------------------------------------------------------------------------+


+---------------------------------------------------------------------------+
; Port Connectivity Checks: "processor:ALLPASS|bin2bcd_16:bin|add3_ge5:A19" ;
+------+-------+----------+-------------------------------------------------+
; Port ; Type  ; Severity ; Details                                         ;
+------+-------+----------+-------------------------------------------------+
; w[3] ; Input ; Info     ; Stuck at GND                                    ;
+------+-------+----------+-------------------------------------------------+


+---------------------------------------------------------------------------+
; Port Connectivity Checks: "processor:ALLPASS|bin2bcd_16:bin|add3_ge5:A10" ;
+------+-------+----------+-------------------------------------------------+
; Port ; Type  ; Severity ; Details                                         ;
+------+-------+----------+-------------------------------------------------+
; w[3] ; Input ; Info     ; Stuck at GND                                    ;
+------+-------+----------+-------------------------------------------------+


+--------------------------------------------------------------------------+
; Port Connectivity Checks: "processor:ALLPASS|bin2bcd_16:bin|add3_ge5:A4" ;
+------+-------+----------+------------------------------------------------+
; Port ; Type  ; Severity ; Details                                        ;
+------+-------+----------+------------------------------------------------+
; w[3] ; Input ; Info     ; Stuck at GND                                   ;
+------+-------+----------+------------------------------------------------+


+--------------------------------------------------------------------------+
; Port Connectivity Checks: "processor:ALLPASS|bin2bcd_16:bin|add3_ge5:A1" ;
+------+-------+----------+------------------------------------------------+
; Port ; Type  ; Severity ; Details                                        ;
+------+-------+----------+------------------------------------------------+
; w[3] ; Input ; Info     ; Stuck at GND                                   ;
+------+-------+----------+------------------------------------------------+


+-------------------------------------------------------------------------------------------------------------------------------------------------------------------------+
; Port Connectivity Checks: "processor:ALLPASS|bin2bcd_16:bin"                                                                                                            ;
+------+-------+----------+-----------------------------------------------------------------------------------------------------------------------------------------------+
; Port ; Type  ; Severity ; Details                                                                                                                                       ;
+------+-------+----------+-----------------------------------------------------------------------------------------------------------------------------------------------+
; B    ; Input ; Warning  ; Input port expression (10 bits) is smaller than the input port (16 bits) it drives.  Extra input bit(s) "B[15..10]" will be connected to GND. ;
+------+-------+----------+-----------------------------------------------------------------------------------------------------------------------------------------------+


+-------------------------------------------------------------------------------------------------------------------------------------------------------------------------------------------------------------+
; Port Connectivity Checks: "processor:ALLPASS|RAM:ramout"                                                                                                                                                    ;
+------+-------+----------+-----------------------------------------------------------------------------------------------------------------------------------------------------------------------------------+
; Port ; Type  ; Severity ; Details                                                                                                                                                                           ;
+------+-------+----------+-----------------------------------------------------------------------------------------------------------------------------------------------------------------------------------+
; rden ; Input ; Warning  ; Input port expression (10 bits) is wider than the input port (1 bits) it drives.  The 9 most-significant bit(s) in the expression will be dangling if they have no other fanouts. ;
; wren ; Input ; Warning  ; Input port expression (10 bits) is wider than the input port (1 bits) it drives.  The 9 most-significant bit(s) in the expression will be dangling if they have no other fanouts. ;
+------+-------+----------+-----------------------------------------------------------------------------------------------------------------------------------------------------------------------------------+


+--------------------------------------------------------------------------------------------------------------------------------------------------------------------------------------------------------------------+
; Port Connectivity Checks: "processor:ALLPASS|counter_13:ctr13"                                                                                                                                                     ;
+------------+-------+----------+------------------------------------------------------------------------------------------------------------------------------------------------------------------------------------+
; Port       ; Type  ; Severity ; Details                                                                                                                                                                            ;
+------------+-------+----------+------------------------------------------------------------------------------------------------------------------------------------------------------------------------------------+
; enable     ; Input ; Warning  ; Input port expression (32 bits) is wider than the input port (1 bits) it drives.  The 31 most-significant bit(s) in the expression will be dangling if they have no other fanouts. ;
; enable[-1] ; Input ; Info     ; Stuck at VCC                                                                                                                                                                       ;
; reset      ; Input ; Warning  ; Input port expression (32 bits) is wider than the input port (1 bits) it drives.  The 31 most-significant bit(s) in the expression will be dangling if they have no other fanouts. ;
; reset[-1]  ; Input ; Info     ; Stuck at GND                                                                                                                                                                       ;
+------------+-------+----------+------------------------------------------------------------------------------------------------------------------------------------------------------------------------------------+


+----------------------------------------------------------------------------------------------------------------------------------------------------------------------------------------------------+
; Port Connectivity Checks: "processor:ALLPASS|pulse_gen:pul"                                                                                                                                        ;
+-------+--------+----------+------------------------------------------------------------------------------------------------------------------------------------------------------------------------+
; Port  ; Type   ; Severity ; Details                                                                                                                                                                ;
+-------+--------+----------+------------------------------------------------------------------------------------------------------------------------------------------------------------------------+
; pulse ; Output ; Warning  ; Output or bidir port (1 bits) is smaller than the port expression (10 bits) it drives.  The 9 most-significant bit(s) in the port expression will be connected to GND. ;
+-------+--------+----------+------------------------------------------------------------------------------------------------------------------------------------------------------------------------+


+-------------------------------------------------------------------------------------------------------------------------------------------------------------------------+
; Port Connectivity Checks: "processor:ALLPASS"                                                                                                                           ;
+------+--------+----------+----------------------------------------------------------------------------------------------------------------------------------------------+
; Port ; Type   ; Severity ; Details                                                                                                                                      ;
+------+--------+----------+----------------------------------------------------------------------------------------------------------------------------------------------+
; SW   ; Input  ; Warning  ; Declared by entity but not connected by instance. If a default value exists, it will be used.  Otherwise, the port will be connected to GND. ;
; HEX0 ; Output ; Warning  ; Declared by entity but not connected by instance. Logic that only feeds a dangling port will be removed.                                     ;
; HEX1 ; Output ; Warning  ; Declared by entity but not connected by instance. Logic that only feeds a dangling port will be removed.                                     ;
; HEX2 ; Output ; Warning  ; Declared by entity but not connected by instance. Logic that only feeds a dangling port will be removed.                                     ;
; HEX3 ; Output ; Warning  ; Declared by entity but not connected by instance. Logic that only feeds a dangling port will be removed.                                     ;
; HEX4 ; Output ; Warning  ; Declared by entity but not connected by instance. Logic that only feeds a dangling port will be removed.                                     ;
+------+--------+----------+----------------------------------------------------------------------------------------------------------------------------------------------+


+---------------------------------------------+
; Port Connectivity Checks: "spi2adc:SPI_ADC" ;
+---------+-------+----------+----------------+
; Port    ; Type  ; Severity ; Details        ;
+---------+-------+----------+----------------+
; channel ; Input ; Info     ; Stuck at VCC   ;
+---------+-------+----------+----------------+


+------------------------------------------------+
; Port Connectivity Checks: "clktick_16:GEN_10K" ;
+-----------+-------+----------+-----------------+
; Port      ; Type  ; Severity ; Details         ;
+-----------+-------+----------+-----------------+
; enable    ; Input ; Info     ; Stuck at VCC    ;
; N[9..7]   ; Input ; Info     ; Stuck at VCC    ;
; N[2..0]   ; Input ; Info     ; Stuck at VCC    ;
; N[15..13] ; Input ; Info     ; Stuck at GND    ;
; N[11..10] ; Input ; Info     ; Stuck at GND    ;
; N[6..3]   ; Input ; Info     ; Stuck at GND    ;
; N[12]     ; Input ; Info     ; Stuck at VCC    ;
+-----------+-------+----------+-----------------+


+-----------------------------------------------------+
; Post-Synthesis Netlist Statistics for Top Partition ;
+-----------------------+-----------------------------+
; Type                  ; Count                       ;
+-----------------------+-----------------------------+
; arriav_ff             ; 128                         ;
;     ENA               ; 32                          ;
;     SCLR              ; 9                           ;
;     SLD               ; 9                           ;
;     plain             ; 78                          ;
; arriav_lcell_comb     ; 134                         ;
;     arith             ; 50                          ;
;         1 data inputs ; 38                          ;
;         2 data inputs ; 12                          ;
;     normal            ; 84                          ;
;         0 data inputs ; 1                           ;
;         1 data inputs ; 13                          ;
;         2 data inputs ; 12                          ;
;         3 data inputs ; 7                           ;
;         4 data inputs ; 27                          ;
;         5 data inputs ; 18                          ;
;         6 data inputs ; 6                           ;
; boundary_port         ; 41                          ;
; stratixv_ram_block    ; 9                           ;
;                       ;                             ;
; Max LUT depth         ; 3.90                        ;
; Average LUT depth     ; 1.66                        ;
+-----------------------+-----------------------------+


+-------------------------------+
; Elapsed Time Per Partition    ;
+----------------+--------------+
; Partition Name ; Elapsed Time ;
+----------------+--------------+
; Top            ; 00:00:00     ;
+----------------+--------------+


+-------------------------------+
; Analysis & Synthesis Messages ;
+-------------------------------+
Info: *******************************************************************
Info: Running Quartus Prime Analysis & Synthesis
    Info: Version 16.0.0 Build 211 04/27/2016 SJ Standard Edition
    Info: Processing started: Fri Dec 09 12:14:07 2016
Info: Command: quartus_map --read_settings_files=on --write_settings_files=off ex19 -c ex19_top
Warning (18236): Number of processors has not been specified which may cause overloading on shared machines.  Set the global assignment NUM_PARALLEL_PROCESSORS in your QSF to an appropriate value for best performance.
Info (20030): Parallel compilation is enabled and will use 4 of the 4 processors detected
Info (12021): Found 1 design units, including 1 entities, in source file counter_13.v
    Info (12023): Found entity 1: counter_13 File: H:/VERI_Experiment/Part_4/ex19/counter_13.v Line: 8
Info (12021): Found 1 design units, including 1 entities, in source file ex16file/spi2dac.v
    Info (12023): Found entity 1: spi2dac File: H:/VERI_Experiment/Part_4/ex19/ex16file/spi2dac.v Line: 9
Info (12021): Found 1 design units, including 1 entities, in source file ex16file/spi2adc.v
    Info (12023): Found entity 1: spi2adc File: H:/VERI_Experiment/Part_4/ex19/ex16file/spi2adc.v Line: 9
Info (12021): Found 1 design units, including 1 entities, in source file ex16file/pwm.v
    Info (12023): Found entity 1: pwm File: H:/VERI_Experiment/Part_4/ex19/ex16file/pwm.v Line: 1
Info (12021): Found 1 design units, including 1 entities, in source file ex16file/pulse_gen.v
    Info (12023): Found entity 1: pulse_gen File: H:/VERI_Experiment/Part_4/ex19/ex16file/pulse_gen.v Line: 9
Info (12021): Found 1 design units, including 1 entities, in source file ex16file/multiply_k.v
    Info (12023): Found entity 1: multiply_k File: H:/VERI_Experiment/Part_4/ex19/ex16file/multiply_k.v Line: 39
Info (12021): Found 1 design units, including 1 entities, in source file ex16file/hex_to_7seg.v
    Info (12023): Found entity 1: hex_to_7seg File: H:/VERI_Experiment/Part_4/ex19/ex16file/hex_to_7seg.v Line: 10
Info (12021): Found 1 design units, including 1 entities, in source file ex16file/delay_ram.v
    Info (12023): Found entity 1: delay_ram File: H:/VERI_Experiment/Part_4/ex19/ex16file/delay_ram.v Line: 39
Info (12021): Found 1 design units, including 1 entities, in source file ex16file/clktick_16.v
    Info (12023): Found entity 1: clktick_16 File: H:/VERI_Experiment/Part_4/ex19/ex16file/clktick_16.v Line: 6
Info (12021): Found 1 design units, including 1 entities, in source file ex16file/bin2bcd_16.v
    Info (12023): Found entity 1: bin2bcd_16 File: H:/VERI_Experiment/Part_4/ex19/ex16file/bin2bcd_16.v Line: 12
Info (12021): Found 1 design units, including 1 entities, in source file ex16file/allpass.v
    Info (12023): Found entity 1: processor File: H:/VERI_Experiment/Part_4/ex19/ex16file/allpass.v Line: 2
Info (12021): Found 1 design units, including 1 entities, in source file ex16file/add3_ge5.v
    Info (12023): Found entity 1: add3_ge5 File: H:/VERI_Experiment/Part_4/ex19/ex16file/add3_ge5.v Line: 9
Info (12021): Found 1 design units, including 1 entities, in source file ex19_top.v
    Info (12023): Found entity 1: ex19_top File: H:/VERI_Experiment/Part_4/ex19/ex19_top.v Line: 9
Info (12021): Found 1 design units, including 1 entities, in source file ram.v
    Info (12023): Found entity 1: RAM File: H:/VERI_Experiment/Part_4/ex19/RAM.v Line: 40
Info (12127): Elaborating entity "ex19_top" for the top level hierarchy
Info (12128): Elaborating entity "clktick_16" for hierarchy "clktick_16:GEN_10K" File: H:/VERI_Experiment/Part_4/ex19/ex19_top.v Line: 32
Info (12128): Elaborating entity "spi2dac" for hierarchy "spi2dac:SPI_DAC" File: H:/VERI_Experiment/Part_4/ex19/ex19_top.v Line: 34
Info (12128): Elaborating entity "pwm" for hierarchy "pwm:PWM_DC" File: H:/VERI_Experiment/Part_4/ex19/ex19_top.v Line: 35
Info (12128): Elaborating entity "spi2adc" for hierarchy "spi2adc:SPI_ADC" File: H:/VERI_Experiment/Part_4/ex19/ex19_top.v Line: 46
Info (12128): Elaborating entity "processor" for hierarchy "processor:ALLPASS" File: H:/VERI_Experiment/Part_4/ex19/ex19_top.v Line: 48
Info (12128): Elaborating entity "pulse_gen" for hierarchy "processor:ALLPASS|pulse_gen:pul" File: H:/VERI_Experiment/Part_4/ex19/ex16file/allpass.v Line: 45
Info (12128): Elaborating entity "counter_13" for hierarchy "processor:ALLPASS|counter_13:ctr13" File: H:/VERI_Experiment/Part_4/ex19/ex16file/allpass.v Line: 47
Info (12128): Elaborating entity "RAM" for hierarchy "processor:ALLPASS|RAM:ramout" File: H:/VERI_Experiment/Part_4/ex19/ex16file/allpass.v Line: 51
Info (12128): Elaborating entity "altsyncram" for hierarchy "processor:ALLPASS|RAM:ramout|altsyncram:altsyncram_component" File: H:/VERI_Experiment/Part_4/ex19/RAM.v Line: 92
Info (12130): Elaborated megafunction instantiation "processor:ALLPASS|RAM:ramout|altsyncram:altsyncram_component" File: H:/VERI_Experiment/Part_4/ex19/RAM.v Line: 92
Info (12133): Instantiated megafunction "processor:ALLPASS|RAM:ramout|altsyncram:altsyncram_component" with the following parameter: File: H:/VERI_Experiment/Part_4/ex19/RAM.v Line: 92
    Info (12134): Parameter "address_aclr_b" = "NONE"
    Info (12134): Parameter "address_reg_b" = "CLOCK0"
    Info (12134): Parameter "clock_enable_input_a" = "BYPASS"
    Info (12134): Parameter "clock_enable_input_b" = "BYPASS"
    Info (12134): Parameter "clock_enable_output_b" = "BYPASS"
    Info (12134): Parameter "intended_device_family" = "Cyclone V"
    Info (12134): Parameter "lpm_type" = "altsyncram"
    Info (12134): Parameter "numwords_a" = "8192"
    Info (12134): Parameter "numwords_b" = "8192"
    Info (12134): Parameter "operation_mode" = "DUAL_PORT"
    Info (12134): Parameter "outdata_aclr_b" = "NONE"
    Info (12134): Parameter "outdata_reg_b" = "UNREGISTERED"
    Info (12134): Parameter "power_up_uninitialized" = "FALSE"
    Info (12134): Parameter "rdcontrol_reg_b" = "CLOCK0"
    Info (12134): Parameter "read_during_write_mode_mixed_ports" = "OLD_DATA"
    Info (12134): Parameter "widthad_a" = "13"
    Info (12134): Parameter "widthad_b" = "13"
    Info (12134): Parameter "width_a" = "9"
    Info (12134): Parameter "width_b" = "9"
    Info (12134): Parameter "width_byteena_a" = "1"
Info (12021): Found 1 design units, including 1 entities, in source file db/altsyncram_gc12.tdf
    Info (12023): Found entity 1: altsyncram_gc12 File: H:/VERI_Experiment/Part_4/ex19/db/altsyncram_gc12.tdf Line: 28
Info (12128): Elaborating entity "altsyncram_gc12" for hierarchy "processor:ALLPASS|RAM:ramout|altsyncram:altsyncram_component|altsyncram_gc12:auto_generated" File: c:/altera/16.0/quartus/libraries/megafunctions/altsyncram.tdf Line: 792
Info (12128): Elaborating entity "bin2bcd_16" for hierarchy "processor:ALLPASS|bin2bcd_16:bin" File: H:/VERI_Experiment/Part_4/ex19/ex16file/allpass.v Line: 62
Info (12128): Elaborating entity "add3_ge5" for hierarchy "processor:ALLPASS|bin2bcd_16:bin|add3_ge5:A1" File: H:/VERI_Experiment/Part_4/ex19/ex16file/bin2bcd_16.v Line: 26
Info (12128): Elaborating entity "hex_to_7seg" for hierarchy "processor:ALLPASS|hex_to_7seg:seg0" File: H:/VERI_Experiment/Part_4/ex19/ex16file/allpass.v Line: 64
Warning (12011): Net is missing source, defaulting to GND
    Warning (12110): Net "processor:ALLPASS|pulse[9]" is missing source, defaulting to GND File: H:/VERI_Experiment/Part_4/ex19/ex16file/allpass.v Line: 29
    Warning (12110): Net "processor:ALLPASS|pulse[8]" is missing source, defaulting to GND File: H:/VERI_Experiment/Part_4/ex19/ex16file/allpass.v Line: 29
    Warning (12110): Net "processor:ALLPASS|pulse[7]" is missing source, defaulting to GND File: H:/VERI_Experiment/Part_4/ex19/ex16file/allpass.v Line: 29
    Warning (12110): Net "processor:ALLPASS|pulse[6]" is missing source, defaulting to GND File: H:/VERI_Experiment/Part_4/ex19/ex16file/allpass.v Line: 29
    Warning (12110): Net "processor:ALLPASS|pulse[5]" is missing source, defaulting to GND File: H:/VERI_Experiment/Part_4/ex19/ex16file/allpass.v Line: 29
    Warning (12110): Net "processor:ALLPASS|pulse[4]" is missing source, defaulting to GND File: H:/VERI_Experiment/Part_4/ex19/ex16file/allpass.v Line: 29
    Warning (12110): Net "processor:ALLPASS|pulse[3]" is missing source, defaulting to GND File: H:/VERI_Experiment/Part_4/ex19/ex16file/allpass.v Line: 29
    Warning (12110): Net "processor:ALLPASS|pulse[2]" is missing source, defaulting to GND File: H:/VERI_Experiment/Part_4/ex19/ex16file/allpass.v Line: 29
    Warning (12110): Net "processor:ALLPASS|pulse[1]" is missing source, defaulting to GND File: H:/VERI_Experiment/Part_4/ex19/ex16file/allpass.v Line: 29
Warning (12241): 5 hierarchies have connectivity warnings - see the Connectivity Checks report folder
Warning (13024): Output pins are stuck at VCC or GND
    Warning (13410): Pin "HEX2[1]" is stuck at GND File: H:/VERI_Experiment/Part_4/ex19/ex19_top.v Line: 15
Info (286030): Timing-Driven Synthesis is running
Info (17049): 2 registers lost all their fanouts during netlist optimizations.
Info (144001): Generated suppressed messages file H:/VERI_Experiment/Part_4/ex19/output_files/ex19_top.map.smsg
Info (16010): Generating hard_block partition "hard_block:auto_generated_inst"
    Info (16011): Adding 0 node(s), including 0 DDIO, 0 PLL, 0 transceiver and 0 LCELL
Warning (21074): Design contains 10 input pin(s) that do not drive logic
    Warning (15610): No output dependent on input pin "SW[0]" File: H:/VERI_Experiment/Part_4/ex19/ex19_top.v Line: 14
    Warning (15610): No output dependent on input pin "SW[1]" File: H:/VERI_Experiment/Part_4/ex19/ex19_top.v Line: 14
    Warning (15610): No output dependent on input pin "SW[2]" File: H:/VERI_Experiment/Part_4/ex19/ex19_top.v Line: 14
    Warning (15610): No output dependent on input pin "SW[3]" File: H:/VERI_Experiment/Part_4/ex19/ex19_top.v Line: 14
    Warning (15610): No output dependent on input pin "SW[4]" File: H:/VERI_Experiment/Part_4/ex19/ex19_top.v Line: 14
    Warning (15610): No output dependent on input pin "SW[5]" File: H:/VERI_Experiment/Part_4/ex19/ex19_top.v Line: 14
    Warning (15610): No output dependent on input pin "SW[6]" File: H:/VERI_Experiment/Part_4/ex19/ex19_top.v Line: 14
    Warning (15610): No output dependent on input pin "SW[7]" File: H:/VERI_Experiment/Part_4/ex19/ex19_top.v Line: 14
    Warning (15610): No output dependent on input pin "SW[8]" File: H:/VERI_Experiment/Part_4/ex19/ex19_top.v Line: 14
    Warning (15610): No output dependent on input pin "SW[9]" File: H:/VERI_Experiment/Part_4/ex19/ex19_top.v Line: 14
Info (21057): Implemented 224 device resources after synthesis - the final resource count might be different
    Info (21058): Implemented 12 input pins
    Info (21059): Implemented 29 output pins
    Info (21061): Implemented 174 logic cells
    Info (21064): Implemented 9 RAM segments
Info: Quartus Prime Analysis & Synthesis was successful. 0 errors, 25 warnings
    Info: Peak virtual memory: 905 megabytes
    Info: Processing ended: Fri Dec 09 12:14:20 2016
    Info: Elapsed time: 00:00:13
    Info: Total CPU time (on all processors): 00:00:23


+------------------------------------------+
; Analysis & Synthesis Suppressed Messages ;
+------------------------------------------+
The suppressed messages can be found in H:/VERI_Experiment/Part_4/ex19/output_files/ex19_top.map.smsg.


